<Context>

	<!-- Use this for local testing with MySQL -->
	<Resource name="jdbc/smartpeg" auth="Container"
		type="javax.sql.DataSource"
		description="Connection to MySQL"
		username="admin"
		password="admin"
		driverClassName="com.mysql.jdbc.Driver"
		url="jdbc:mysql://localhost:3306/smart_peg"
	/>
	
	<!-- Use this for local testing with MariaDB 
	<Resource name="jdbc/smartpeg" auth="Container"
		type="javax.sql.DataSource"
		description="Connection to MariaDB"
		username="admin"
		password="admin"
		driverClassName="org.mariadb.jdbc.Driver"
		url="jdbc:mariadb://localhost:3306/smart_peg"
	/> -->


</Context>
